<?xml version="1.0" encoding="UTF-8"?>
<!-- Generated by org.testng.reporters.JUnitReportReporter -->
<testsuite hostname="KALYAN" failures="0" tests="1" name="com.incred.login.HomePageTest" time="44.899" errors="0" timestamp="2022-05-22T12:44:48 IST" skipped="0">
  <testcase classname="com.incred.login.HomePageTest" name="launchbrowser" time="44.899"/>
  <system-out/>
</testsuite> <!-- com.incred.login.HomePageTest -->
